c:\users\renam\something #1\ged-2024\ged-2024\debug\vc143.pdb
c:\users\renam\something #1\ged-2024\ged-2024\debug\vc143.idb
c:\users\renam\something #1\ged-2024\ged-2024\debug\seman.obj
c:\users\renam\something #1\ged-2024\ged-2024\debug\pn.obj
c:\users\renam\something #1\ged-2024\ged-2024\debug\parm.obj
c:\users\renam\something #1\ged-2024\ged-2024\debug\mfst.obj
c:\users\renam\something #1\ged-2024\ged-2024\debug\main.obj
c:\users\renam\something #1\ged-2024\ged-2024\debug\lt.obj
c:\users\renam\something #1\ged-2024\ged-2024\debug\log.obj
c:\users\renam\something #1\ged-2024\ged-2024\debug\it.obj
c:\users\renam\something #1\ged-2024\ged-2024\debug\in.obj
c:\users\renam\something #1\ged-2024\ged-2024\debug\grb.obj
c:\users\renam\something #1\ged-2024\ged-2024\debug\fst.obj
c:\users\renam\something #1\ged-2024\ged-2024\debug\error.obj
c:\users\renam\something #1\ged-2024\ged-2024\debug\cg.obj
c:\users\renam\something #1\ged-2024\debug\ged-2024.pdb
c:\users\renam\something #1\ged-2024\ged-2024\debug\ged-2024.tlog\cl.command.1.tlog
c:\users\renam\something #1\ged-2024\ged-2024\debug\ged-2024.tlog\cl.items.tlog
c:\users\renam\something #1\ged-2024\ged-2024\debug\ged-2024.tlog\cl.read.1.tlog
c:\users\renam\something #1\ged-2024\ged-2024\debug\ged-2024.tlog\cl.write.1.tlog
c:\users\renam\something #1\ged-2024\ged-2024\debug\ged-2024.tlog\link.29220-cvtres.read.1.tlog
c:\users\renam\something #1\ged-2024\ged-2024\debug\ged-2024.tlog\link.29220-cvtres.write.1.tlog
c:\users\renam\something #1\ged-2024\ged-2024\debug\ged-2024.tlog\link.29220-rc.read.1.tlog
c:\users\renam\something #1\ged-2024\ged-2024\debug\ged-2024.tlog\link.29220-rc.write.1.tlog
c:\users\renam\something #1\ged-2024\ged-2024\debug\ged-2024.tlog\link.29220.read.1.tlog
c:\users\renam\something #1\ged-2024\ged-2024\debug\ged-2024.tlog\link.29220.write.1.tlog
c:\users\renam\something #1\ged-2024\ged-2024\debug\ged-2024.tlog\link.command.1.tlog
c:\users\renam\something #1\ged-2024\ged-2024\debug\ged-2024.tlog\link.read.1.tlog
c:\users\renam\something #1\ged-2024\ged-2024\debug\ged-2024.tlog\link.write.1.tlog
