Сборка начата 20.12.2024 13:16:24.
Уровень детализации журнала: Normal.     1>Проект "C:\Users\renam\SOMETHING #1\GED-2024\GED-2024\GED-2024.vcxproj" в узле 2 (целевые объекты Build).
     1>InitializeBuildStatus:
         Создание "Debug\GED-2024.tlog\unsuccessfulbuild", так как было задано "AlwaysCreate".
         Обращение к "Debug\GED-2024.tlog\unsuccessfulbuild".
       ClCompile:
         C:\Program Files\Microsoft Visual Studio\2022\Community\VC\Tools\MSVC\14.37.32822\bin\HostX86\x86\CL.exe /c /ZI /JMC /nologo /W3 /WX- /diagnostics:column /sdl /Od /Oy- /D WIN32 /D _DEBUG /D _CONSOLE /D _UNICODE /D UNICODE /Gm- /EHsc /RTC1 /MDd /GS /fp:precise /Zc:wchar_t /Zc:forScope /Zc:inline /permissive- /Fo"Debug\\" /Fd"Debug\vc143.pdb" /external:W3 /Gd /TP /analyze- /FC /errorReport:prompt CG.cpp
         CG.cpp
       Link:
         C:\Program Files\Microsoft Visual Studio\2022\Community\VC\Tools\MSVC\14.37.32822\bin\HostX86\x86\link.exe /ERRORREPORT:PROMPT /OUT:"C:\Users\renam\SOMETHING #1\GED-2024\Debug\GED-2024.exe" /INCREMENTAL /ILK:"Debug\GED-2024.ilk" /NOLOGO kernel32.lib user32.lib gdi32.lib winspool.lib comdlg32.lib advapi32.lib shell32.lib ole32.lib oleaut32.lib uuid.lib odbc32.lib odbccp32.lib /MANIFEST /MANIFESTUAC:"level='asInvoker' uiAccess='false'" /manifest:embed /DEBUG /PDB:"C:\Users\renam\SOMETHING #1\GED-2024\Debug\GED-2024.pdb" /SUBSYSTEM:CONSOLE /TLBID:1 /DYNAMICBASE /NXCOMPAT /IMPLIB:"C:\Users\renam\SOMETHING #1\GED-2024\Debug\GED-2024.lib" /MACHINE:X86 Debug\CG.obj
         Debug\Error.obj
         Debug\Error.obj
         Debug\FST.obj
         Debug\GRB.obj
         Debug\In.obj
         Debug\IT.obj
         Debug\Log.obj
         Debug\LT.obj
         Debug\Main.obj
         Debug\MFST.obj
         Debug\Parm.obj
         Debug\PN.obj
         Debug\SemAn.obj
         GED-2024.vcxproj -> C:\Users\renam\SOMETHING #1\GED-2024\Debug\GED-2024.exe
       FinalizeBuildStatus:
         Файл "Debug\GED-2024.tlog\unsuccessfulbuild" удаляется.
         Обращение к "Debug\GED-2024.tlog\GED-2024.lastbuildstate".
     1>Сборка проекта "C:\Users\renam\SOMETHING #1\GED-2024\GED-2024\GED-2024.vcxproj" завершена (целевые объекты Build).

Сборка успешно завершена.
    Предупреждений: 0
    Ошибок: 0

Прошло времени 00:00:00.89
