Сборка начата 20.12.2024 13:13:47.
Уровень детализации журнала: Normal.     1>Проект "C:\Users\renam\SOMETHING #1\GED-2024\ASM\ASM.vcxproj" в узле 2 (целевые объекты Build).
     1>InitializeBuildStatus:
         Создание "Debug\ASM.tlog\unsuccessfulbuild", так как было задано "AlwaysCreate".
         Обращение к "Debug\ASM.tlog\unsuccessfulbuild".
       _MASM:
         Assembling ..\GED-2024\in.txt.asm...
         cmd.exe /C "C:\Users\renam\AppData\Local\Temp\tmpf86372cf60d74544b2d112a0535c4afa.cmd"
         ml.exe /c /nologo /Zi /Fo"Debug\in.txt.obj" /W3 /errorReport:prompt  /Ta"..\GED-2024\in.txt.asm"
       Link:
         C:\Program Files\Microsoft Visual Studio\2022\Community\VC\Tools\MSVC\14.37.32822\bin\HostX86\x86\link.exe /ERRORREPORT:PROMPT /OUT:"C:\Users\renam\SOMETHING #1\GED-2024\Debug\ASM.exe" /INCREMENTAL /ILK:"Debug\ASM.ilk" /NOLOGO kernel32.lib user32.lib gdi32.lib winspool.lib comdlg32.lib advapi32.lib shell32.lib ole32.lib oleaut32.lib uuid.lib odbc32.lib odbccp32.lib /MANIFEST /MANIFESTUAC:"level='asInvoker' uiAccess='false'" /manifest:embed /DEBUG /PDB:"C:\Users\renam\SOMETHING #1\GED-2024\Debug\ASM.pdb" /SUBSYSTEM:CONSOLE /TLBID:1 /DYNAMICBASE /NXCOMPAT /IMPLIB:"C:\Users\renam\SOMETHING #1\GED-2024\Debug\ASM.lib" /MACHINE:X86 Debug\in.txt.obj
         ASM.vcxproj -> C:\Users\renam\SOMETHING #1\GED-2024\Debug\ASM.exe
       FinalizeBuildStatus:
         Файл "Debug\ASM.tlog\unsuccessfulbuild" удаляется.
         Обращение к "Debug\ASM.tlog\ASM.lastbuildstate".
     1>Сборка проекта "C:\Users\renam\SOMETHING #1\GED-2024\ASM\ASM.vcxproj" завершена (целевые объекты Build).

Сборка успешно завершена.
    Предупреждений: 0
    Ошибок: 0

Прошло времени 00:00:00.43
